# JRE version: Java(TM) SE Runtime Environment (8.0_231-b11) (build 1.8.0_231-b11)
# Java VM: Java HotSpot(TM) 64-Bit Server VM (25.231-b11 mixed mode windows-amd64 compressed oops)
Heap:
 PSYoungGen      total 53248K, used 17206K [0x00000000e0900000, 0x00000000e4100000, 0x0000000100000000)
  eden space 49152K, 26% used [0x00000000e0900000,0x00000000e15d1578,0x00000000e3900000)
  from space 4096K, 99% used [0x00000000e3d00000,0x00000000e40fc570,0x00000000e4100000)
  to   space 4096K, 0% used [0x00000000e3900000,0x00000000e3900000,0x00000000e3d00000)
 ParOldGen       total 65536K, used 22590K [0x00000000a1a00000, 0x00000000a5a00000, 0x00000000e0900000)
  object space 65536K, 34% used [0x00000000a1a00000,0x00000000a300fbc8,0x00000000a5a00000)
 Metaspace       used 15043K, capacity 15288K, committed 15616K, reserved 1062912K
  class space    used 1900K, capacity 1967K, committed 2048K, reserved 1048576K
GC Heap History (4 events):
Event: 0.568 GC heap before
{Heap before GC invocations=1 (full 0):
 PSYoungGen      total 28672K, used 24576K [0x00000000e0900000, 0x00000000e2900000, 0x0000000100000000)
  eden space 24576K, 100% used [0x00000000e0900000,0x00000000e2100000,0x00000000e2100000)
  from space 4096K, 0% used [0x00000000e2500000,0x00000000e2500000,0x00000000e2900000)
  to   space 4096K, 0% used [0x00000000e2100000,0x00000000e2100000,0x00000000e2500000)
 ParOldGen       total 65536K, used 0K [0x00000000a1a00000, 0x00000000a5a00000, 0x00000000e0900000)
  object space 65536K, 0% used [0x00000000a1a00000,0x00000000a1a00000,0x00000000a5a00000)
 Metaspace       used 9528K, capacity 9686K, committed 9856K, reserved 1058816K
  class space    used 1215K, capacity 1284K, committed 1408K, reserved 1048576K
Event: 0.589 GC heap after
Heap after GC invocations=1 (full 0):
 PSYoungGen      total 28672K, used 1535K [0x00000000e0900000, 0x00000000e4100000, 0x0000000100000000)
  eden space 24576K, 0% used [0x00000000e0900000,0x00000000e0900000,0x00000000e2100000)
  from space 4096K, 37% used [0x00000000e2100000,0x00000000e227fe38,0x00000000e2500000)
  to   space 4096K, 0% used [0x00000000e3d00000,0x00000000e3d00000,0x00000000e4100000)
 ParOldGen       total 65536K, used 18750K [0x00000000a1a00000, 0x00000000a5a00000, 0x00000000e0900000)
  object space 65536K, 28% used [0x00000000a1a00000,0x00000000a2c4f810,0x00000000a5a00000)
 Metaspace       used 9528K, capacity 9686K, committed 9856K, reserved 1058816K
  class space    used 1215K, capacity 1284K, committed 1408K, reserved 1048576K
}
Event: 9.746 GC heap before
{Heap before GC invocations=2 (full 0):
 PSYoungGen      total 28672K, used 26111K [0x00000000e0900000, 0x00000000e4100000, 0x0000000100000000)
  eden space 24576K, 100% used [0x00000000e0900000,0x00000000e2100000,0x00000000e2100000)
  from space 4096K, 37% used [0x00000000e2100000,0x00000000e227fe38,0x00000000e2500000)
  to   space 4096K, 0% used [0x00000000e3d00000,0x00000000e3d00000,0x00000000e4100000)
 ParOldGen       total 65536K, used 18750K [0x00000000a1a00000, 0x00000000a5a00000, 0x00000000e0900000)
  object space 65536K, 28% used [0x00000000a1a00000,0x00000000a2c4f810,0x00000000a5a00000)
 Metaspace       used 14876K, capacity 15128K, committed 15360K, reserved 1062912K
  class space    used 1865K, capacity 1935K, committed 2048K, reserved 1048576K
Event: 9.752 GC heap after
Heap after GC invocations=2 (full 0):
 PSYoungGen      total 53248K, used 4081K [0x00000000e0900000, 0x00000000e4100000, 0x0000000100000000)
  eden space 49152K, 0% used [0x00000000e0900000,0x00000000e0900000,0x00000000e3900000)
  from space 4096K, 99% used [0x00000000e3d00000,0x00000000e40fc570,0x00000000e4100000)
  to   space 4096K, 0% used [0x00000000e3900000,0x00000000e3900000,0x00000000e3d00000)
 ParOldGen       total 65536K, used 22590K [0x00000000a1a00000, 0x00000000a5a00000, 0x00000000e0900000)
  object space 65536K, 34% used [0x00000000a1a00000,0x00000000a300fbc8,0x00000000a5a00000)
 Metaspace       used 14876K, capacity 15128K, committed 15360K, reserved 1062912K
  class space    used 1865K, capacity 1935K, committed 2048K, reserved 1048576K
}

