# JRE version: Java(TM) SE Runtime Environment (8.0_231-b11) (build 1.8.0_231-b11)
# Java VM: Java HotSpot(TM) 64-Bit Server VM (25.231-b11 mixed mode windows-amd64 compressed oops)
Heap:
 PSYoungGen      total 28672K, used 11635K [0x00000000e0900000, 0x00000000e2900000, 0x0000000100000000)
  eden space 24576K, 37% used [0x00000000e0900000,0x00000000e11e1b80,0x00000000e2100000)
  from space 4096K, 62% used [0x00000000e2500000,0x00000000e277b0f0,0x00000000e2900000)
  to   space 4096K, 0% used [0x00000000e2100000,0x00000000e2100000,0x00000000e2500000)
 ParOldGen       total 65536K, used 5474K [0x00000000a1a00000, 0x00000000a5a00000, 0x00000000e0900000)
  object space 65536K, 8% used [0x00000000a1a00000,0x00000000a1f58938,0x00000000a5a00000)
 Metaspace       used 15014K, capacity 15324K, committed 15616K, reserved 1062912K
  class space    used 1872K, capacity 1935K, committed 2048K, reserved 1048576K
GC Heap History (4 events):
Event: 5.190 GC heap before
{Heap before GC invocations=1 (full 0):
 PSYoungGen      total 28672K, used 23633K [0x00000000e0900000, 0x00000000e2900000, 0x0000000100000000)
  eden space 24576K, 96% used [0x00000000e0900000,0x00000000e2014500,0x00000000e2100000)
  from space 4096K, 0% used [0x00000000e2500000,0x00000000e2500000,0x00000000e2900000)
  to   space 4096K, 0% used [0x00000000e2100000,0x00000000e2100000,0x00000000e2500000)
 ParOldGen       total 65536K, used 0K [0x00000000a1a00000, 0x00000000a5a00000, 0x00000000e0900000)
  object space 65536K, 0% used [0x00000000a1a00000,0x00000000a1a00000,0x00000000a5a00000)
 Metaspace       used 14801K, capacity 15068K, committed 15360K, reserved 1062912K
  class space    used 1868K, capacity 1935K, committed 2048K, reserved 1048576K
Event: 5.202 GC heap after
Heap after GC invocations=1 (full 0):
 PSYoungGen      total 28672K, used 4092K [0x00000000e0900000, 0x00000000e2900000, 0x0000000100000000)
  eden space 24576K, 0% used [0x00000000e0900000,0x00000000e0900000,0x00000000e2100000)
  from space 4096K, 99% used [0x00000000e2100000,0x00000000e24ff188,0x00000000e2500000)
  to   space 4096K, 0% used [0x00000000e2500000,0x00000000e2500000,0x00000000e2900000)
 ParOldGen       total 65536K, used 5458K [0x00000000a1a00000, 0x00000000a5a00000, 0x00000000e0900000)
  object space 65536K, 8% used [0x00000000a1a00000,0x00000000a1f54938,0x00000000a5a00000)
 Metaspace       used 14801K, capacity 15068K, committed 15360K, reserved 1062912K
  class space    used 1868K, capacity 1935K, committed 2048K, reserved 1048576K
}
Event: 8.577 GC heap before
{Heap before GC invocations=2 (full 0):
 PSYoungGen      total 28672K, used 28668K [0x00000000e0900000, 0x00000000e2900000, 0x0000000100000000)
  eden space 24576K, 100% used [0x00000000e0900000,0x00000000e2100000,0x00000000e2100000)
  from space 4096K, 99% used [0x00000000e2100000,0x00000000e24ff188,0x00000000e2500000)
  to   space 4096K, 0% used [0x00000000e2500000,0x00000000e2500000,0x00000000e2900000)
 ParOldGen       total 65536K, used 5458K [0x00000000a1a00000, 0x00000000a5a00000, 0x00000000e0900000)
  object space 65536K, 8% used [0x00000000a1a00000,0x00000000a1f54938,0x00000000a5a00000)
 Metaspace       used 14990K, capacity 15260K, committed 15616K, reserved 1062912K
  class space    used 1872K, capacity 1935K, committed 2048K, reserved 1048576K
Event: 8.581 GC heap after
Heap after GC invocations=2 (full 0):
 PSYoungGen      total 28672K, used 2540K [0x00000000e0900000, 0x00000000e2900000, 0x0000000100000000)
  eden space 24576K, 0% used [0x00000000e0900000,0x00000000e0900000,0x00000000e2100000)
  from space 4096K, 62% used [0x00000000e2500000,0x00000000e277b0f0,0x00000000e2900000)
  to   space 4096K, 0% used [0x00000000e2100000,0x00000000e2100000,0x00000000e2500000)
 ParOldGen       total 65536K, used 5474K [0x00000000a1a00000, 0x00000000a5a00000, 0x00000000e0900000)
  object space 65536K, 8% used [0x00000000a1a00000,0x00000000a1f58938,0x00000000a5a00000)
 Metaspace       used 14990K, capacity 15260K, committed 15616K, reserved 1062912K
  class space    used 1872K, capacity 1935K, committed 2048K, reserved 1048576K
}

